2023-04-14 9:17:01 - MOD: Modification Default

FILE: system/engine/action.php
REGEX: ~(require|include)(_once)?\(([^)]+)~
LINE: 69

FILE: system/engine/loader.php
REGEX: ~(require|include)(_once)?\(([^)]+)~
LINE: 77
LINE: 151
LINE: 168

FILE: system/library/config.php
REGEX: ~(require|include)(_once)?\(([^)]+)~
LINE: 59

FILE: system/library/language.php
REGEX: ~(require|include)(_once)?\(([^)]+)~
LINE: 67
LINE: 73

FILE: system/library/template/template.php
REGEX: ~(require|include)(_once)?\(([^)]+)~
LINE: 18

FILE: system/library/template/twig.php
CODE: $loader = new \Twig_Loader_Filesystem(DIR_TEMPLATE);
LINE: 19
----------------------------------------------------------------
MOD: Journal Theme

FILE: system/library/cache/file.php
CODE: unlink($file);
LINE: 16
LINE: 67

FILE: system/engine/router.php
CODE: while
LINE: 121

FILE: catalog/controller/startup/startup.php
CODE: $this->registry->set('url', new Url($this->config->get('config_url'), $this->config->get('config_ssl')));
LINE: 51
CODE: $languages = $this->model_localisation_language->getLanguages();
LINE: 63
CODE: self::$IS_JOURNAL = $config->get('config_template') === 'journal2' || $config->get('theme_default_directory') === 'journal2';
NOT FOUND - OPERATION SKIPPED!

FILE: catalog/controller/event/theme.php
CODE: if (is_file(DIR_TEMPLATE . $theme . '/template/' . $view . '.tpl')) {
NOT FOUND - OPERATION SKIPPED!

FILE: admin/controller/setting/setting.php
CODE: $theme = basename($this->request->get['theme']);
LINE: 977

FILE: catalog/controller/common/maintenance.php
CODE: $data['header'] = $this->load->controller('common/header');
LINE: 24
CODE: $data['footer'] = $this->load->controller('common/footer');
LINE: 25

FILE: system/engine/event.php
CODE: public function register($trigger, Action $action, $priority = 0) {
LINE: 41

FILE: system/library/template.php
CODE: public function render
LINE: 57
CODE: if ($template) {
LINE: 12
CODE: $loader = new \Twig\Loader\ArrayLoader
NOT FOUND - OPERATION SKIPPED!

FILE: system/library/cache.php
CODE: public function delete($key) {
LINE: 69

FILE: admin/controller/common/header.php
CODE: public function index() {
LINE: 5

FILE: admin/controller/common/column_left.php
CODE: // Catalog
LINE: 26

FILE: admin/controller/error/permission.php
CODE: $data['breadcrumbs'] = array();
LINE: 17

FILE: admin/controller/error/not_found.php
CODE: $data['breadcrumbs'] = array();
LINE: 17

FILE: system/library/response.php
CODE: if ($this->output) {
LINE: 119

FILE: catalog/model/tool/image.php
CODE: public function resize($filename, $width, $height) {
LINE: 2
CODE: (int)$height
LINE: 10
CODE: $image->resize($width, $height);
LINE: 33
CODE: if ($this->request->server['HTTPS']) {
LINE: 47
CODE: $image->save(DIR_IMAGE . $image_new);
LINE: 41
CODE: copy(DIR_IMAGE . $image_old, DIR_IMAGE . $image_new);
LINE: 50
CODE: $image_new = str_replace(' ', '%20', $image_new);
LINE: 61

FILE: catalog/controller/common/footer.php
CODE: public function index() {
LINE: 19

FILE: catalog/controller/common/column_left.php
CODE: public function index() {
LINE: 7

FILE: catalog/controller/common/column_right.php
CODE: public function index() {
LINE: 7

FILE: catalog/controller/common/content_top.php
CODE: public function index() {
LINE: 7

FILE: catalog/controller/common/content_bottom.php
CODE: public function index() {
LINE: 7

FILE: catalog/controller/common/cart.php
CODE: foreach ($this->cart->getProducts() as $product) {
LINE: 62

FILE: catalog/controller/checkout/cart.php
CODE: $json['total'] = sprintf($this->language->get('text_items'), $this->cart->countProducts() + (isset($this->session->data['vouchers']) ? count($this->session->data['vouchers']) : 0), $this->currency->format($total, $this->session->data['currency']));
LINE: 387
LINE: 501

FILE: catalog/controller/account/wishlist.php
CODE: $json['success'] = sprintf($this->language->get('text_success'), $this->url->link('product/product', 'product_id=' . (int)$this->request->post['product_id']), $product_info['name'], $this->url->link('account/wishlist'));
LINE: 143
CODE: $json['success'] = sprintf($this->language->get('text_login'), $this->url->link('account/login', '', true), $this->url->link('account/register', '', true), $this->url->link('product/product', 'product_id=' . (int)$this->request->post['product_id']), $product_info['name'], $this->url->link('account/wishlist'));
LINE: 161

FILE: catalog/controller/product/compare.php
CODE: $json['success'] = sprintf($this->language->get('text_success'), $this->url->link('product/product', 'product_id=' . $this->request->post['product_id']), $product_info['name'], $this->url->link('product/compare'));
LINE: 173
CODE: $image = false;
LINE: 60
CODE: $json['success'] = sprintf($this->language->get('text_success'), $this->url->link('product/product', 'product_id=' . $this->request->post['product_id']), $product_info['name'], $this->url->link('checkout/cart'));
LINE: 329
CODE: $json['redirect'] = str_replace('&amp;', '&', $this->url->link('product/product', 'product_id=' . $this->request->post['product_id']));
LINE: 403

FILE: catalog/controller/product/catalog.php
CODE: $results = $this->model_catalog_product->getProduct
LINE: 112

FILE: catalog/controller/product/category.php
CODE: $results = $this->model_catalog_product->getProduct
LINE: 174

FILE: catalog/controller/product/manufacturer.php
CODE: $results = $this->model_catalog_product->getProduct
LINE: 165

FILE: catalog/controller/product/search.php
CODE: $results = $this->model_catalog_product->getProduct
LINE: 202

FILE: catalog/controller/product/special.php
CODE: $results = $this->model_catalog_product->getProduct
LINE: 92
CODE: $data['products'][] = array(
LINE: 162
CODE: $data['products'][] = array(
LINE: 224
CODE: $data['products'][] = array(
LINE: 215
CODE: $data['products'][] = array(
LINE: 252
CODE: $data['products'][] = array(
LINE: 142
CODE: $data['products'][] = array(
LINE: 178
CODE: $data['products'][] = array(
LINE: 240
CODE: $data['products'][] = array(
LINE: 231
CODE: $data['products'][] = array(
LINE: 268
CODE: $data['products'][] = array(
LINE: 158
CODE: $data['products'][$product_id] = array(
LINE: 102
CODE: $data['thumb'] = $this->model_tool_image->resize($category_info['image'], $this->config->get($this->config->get('config_theme') . '_image_category_width'), $this->config->get($this->config->get('config_theme') . '_image_category_height'));
NOT FOUND - OPERATION SKIPPED!
CODE: $data['thumb'] = $this->model_tool_image->resize($category_info['image'], $this->config->get('theme_' . $this->config->get('config_theme') . '_image_category_width'), $this->config->get('theme_' . $this->config->get('config_theme') . '_image_category_height'));
LINE: 107
CODE: $image = $this->model_tool_image->resize($result['image'], $this->config->get($this->config->get('config_theme') . '_image_product_width'), $this->config->get($this->config->get('config_theme') . '_image_product_height'));
NOT FOUND - OPERATION SKIPPED!
CODE: $image = $this->model_tool_image->resize($result['image'], $this->config->get($this->config->get('config_theme') . '_image_product_width'), $this->config->get($this->config->get('config_theme') . '_image_product_height'));
NOT FOUND - OPERATION SKIPPED!
CODE: $image = $this->model_tool_image->resize($result['image'], $this->config->get($this->config->get('config_theme') . '_image_product_width'), $this->config->get($this->config->get('config_theme') . '_image_product_height'));
NOT FOUND - OPERATION SKIPPED!
CODE: $image = $this->model_tool_image->resize($result['image'], $this->config->get($this->config->get('config_theme') . '_image_product_width'), $this->config->get($this->config->get('config_theme') . '_image_product_height'));
NOT FOUND - OPERATION SKIPPED!
CODE: $image = $this->model_tool_image->resize($result['image'], $this->config->get('theme_' . $this->config->get('config_theme') . '_image_product_width'), $this->config->get('theme_' . $this->config->get('config_theme') . '_image_product_height'));
LINE: 183
CODE: $image = $this->model_tool_image->resize($result['image'], $this->config->get('theme_' . $this->config->get('config_theme') . '_image_product_width'), $this->config->get('theme_' . $this->config->get('config_theme') . '_image_product_height'));
LINE: 169
CODE: $image = $this->model_tool_image->resize($result['image'], $this->config->get('theme_' . $this->config->get('config_theme') . '_image_product_width'), $this->config->get('theme_' . $this->config->get('config_theme') . '_image_product_height'));
LINE: 206
CODE: $image = $this->model_tool_image->resize($result['image'], $this->config->get('theme_' . $this->config->get('config_theme') . '_image_product_width'), $this->config->get('theme_' . $this->config->get('config_theme') . '_image_product_height'));
LINE: 96
CODE: $results = $this->model_catalog_category->getCategories($category_id);
LINE: 140
CODE: $this->load->model('tool/image');
LINE: 12
CODE: 'name' => $result['name'] . ($this->config->get('config_product_count') ? ' (' . $this->model_catalog_product->getTotalProducts($filter_data) . ')' : ''),
LINE: 164
CODE: $data['text_compare'] = sprintf($this->language->get('text_compare'), (isset($this->session->data['compare']) ? count($this->session->data['compare']) : 0));
LINE: 49
CODE: $data['text_compare'] = sprintf($this->language->get('text_compare'), (isset($this->session->data['compare']) ? count($this->session->data['compare']) : 0));
LINE: 101
CODE: $data['text_compare'] = sprintf($this->language->get('text_compare'), (isset($this->session->data['compare']) ? count($this->session->data['compare']) : 0));
LINE: 137
CODE: $data['text_compare'] = sprintf($this->language->get('text_compare'), (isset($this->session->data['compare']) ? count($this->session->data['compare']) : 0));
LINE: 131
CODE: $data['text_compare'] = sprintf($this->language->get('text_compare'), (isset($this->session->data['compare']) ? count($this->session->data['compare']) : 0));
LINE: 65
CODE: $json['total'] = sprintf($this->language->get('text_compare'), (isset($this->session->data['compare']) ? count($this->session->data['compare']) : 0));
LINE: 184

FILE: catalog/controller/product/product.php
CODE: public function index() {
LINE: 17
CODE: $results = $this->model_catalog_product->getProductImages
LINE: 299
CODE: if ($product_info) {
LINE: 275
CODE: $data['review_status'] = $this->config->get('config_review_status');
LINE: 485
CODE: 'image'                   => $this->model_tool_image->resize($option_value['image'], 50, 50),
LINE: 456
CODE: $this->load->model('tool/image');
LINE: 12
LINE: 73
CODE: $data['categories'][$key]['manufacturer'][] = array(
LINE: 46
CODE: $image = false;
LINE: 64
CODE: 'stock'      => $stock,
LINE: 100

FILE: catalog/controller/checkout/checkout.php
CODE: $data['breadcrumbs'] = array();
LINE: 44
CODE: unset($this->session->data['shipping_method']);
LINE: 338
LINE: 436
LINE: 468
CODE: $output = $action->execute($this->registry, array(&$data));
LINE: 47
CODE: echo $output;
LINE: 133

FILE: system/library/db.php
CODE: class DB {
LINE: 17
CODE: return $this->adaptor->query($sql
LINE: 74
CODE: return $this->adaptor->get($key);
LINE: 40
CODE: echo $output;
LINE: 166

FILE: catalog/controller/common/search.php
CODE: public function index() {
LINE: 45

FILE: catalog/controller/common/header.php
CODE: $categories = $this->model_catalog_category->getCategories(0);
NOT FOUND - OPERATION SKIPPED!

FILE: catalog/controller/common/menu.php
CODE: $categories = $this->model_catalog_category->getCategories(0);
LINE: 12
CODE: foreach ($this->model_catalog_information->getInformations() as $result) {
LINE: 26
CODE: $results = $this->model_catalog_product->getProductRelated($this->request->get['product_id']);
LINE: 517
CODE: $sort = 'p.sort_order';
LINE: 15
CODE: $order = 'ASC';
LINE: 27
CODE: $sort = 'p.sort_order';
LINE: 23
CODE: $order = 'ASC';
LINE: 35
CODE: $sort = 'p.sort_order';
LINE: 87
CODE: $order = 'ASC';
LINE: 99
CODE: $sort = 'p.sort_order';
LINE: 46
CODE: $order = 'ASC';
LINE: 58
CODE: $product_total = $this->model_catalog_product->getTotalProducts($filter_data);
LINE: 114
CODE: $results = $this->model_catalog_product->getProducts($filter_data);
LINE: 132
CODE: $data['sorts'] = array();
LINE: 245
CODE: sort($limits);
LINE: 322
CODE: $pagination = new Pagination();
LINE: 351
CODE: $product_total = $this->model_catalog_product->getTotalProducts($filter_data);
LINE: 199
CODE: $results = $this->model_catalog_product->getProducts($filter_data);
LINE: 217
CODE: $data['sorts'] = array();
LINE: 338
CODE: sort($limits);
LINE: 419
CODE: $pagination = new Pagination();
LINE: 452
CODE: $product_total = $this->model_catalog_product->getTotalProducts($filter_data);
LINE: 180
CODE: $results = $this->model_catalog_product->getProducts($filter_data);
LINE: 198
CODE: $data['sorts'] = array();
LINE: 315
CODE: sort($limits);
LINE: 392
CODE: $pagination = new Pagination();
LINE: 421
CODE: $product_total = $this->model_catalog_product->getTotalProducts($filter_data);
LINE: 204
CODE: $results = $this->model_catalog_product->getProducts($filter_data);
LINE: 222
CODE: $data['sorts'] = array();
LINE: 359
CODE: sort($limits);
LINE: 456
CODE: $pagination = new Pagination();
LINE: 505
CODE: $product_total = $this->model_catalog_product->getTotalProductSpecials();
LINE: 82
CODE: $results = $this->model_catalog_product->getProductSpecials($filter_data);
LINE: 105
CODE: $data['sorts'] = array();
LINE: 222
CODE: foreach($limits as $value) {
LINE: 301
CODE: $pagination = new Pagination();
LINE: 328

FILE: system/library/pagination.php
CODE: '">' . $this->text_prev . '
LINE: 54
LINE: 56
CODE: '">' . $this->text_next . '
LINE: 93
CODE: $this->model_catalog_product->updateViewed($this->request->get['product_id']);
LINE: 588
CODE: $data['stock'] = $this->language->get('text_instock');
LINE: 364

FILE: catalog/controller/account/register.php
CODE: $data['action'] = $this->url->link('account/register', '', true);
LINE: 120
CODE: return !$this->error;
LINE: 356

FILE: catalog/controller/account/edit.php
CODE: $data['back'] = $this->url->link('account/account', '', true);
LINE: 163
CODE: return !$this->error;
LINE: 256

FILE: catalog/controller/account/address.php
CODE: $data['back'] = $this->url->link('account/address', '', true);
LINE: 430
CODE: return !$this->error;
LINE: 529
LINE: 580

FILE: catalog/controller/account/login.php
CODE: $this->response->redirect
LINE: 51
LINE: 68
LINE: 115
LINE: 129
CODE: return !$this->error;
LINE: 242
CODE: $this->response->redirect
LINE: 18
LINE: 54
CODE: return !$this->error;
LINE: 392

FILE: catalog/controller/startup/seo_url.php
CODE: if ($query->num_rows) {
LINE: 44
CODE: if ($url[0] == 'product_id') {
LINE: 58
CODE: if (!isset($this->request->get['route'])) {
LINE: 97
CODE: public function rewrite($link) {
LINE: 119
CODE: $key == 'path'
LINE: 158
CODE: if ($url) {
LINE: 187

FILE: catalog/controller/extension/feed/google_sitemap.php
CODE: $output .= '</urlset>';
LINE: 71

FILE: catalog/controller/account/order.php
CODE: $data['products'][] = array(
LINE: 279
CODE: $page = $this->request->get['page'];
LINE: 37
CODE: $page = $this->request->get['page'];
LINE: 45
CODE: $page = $this->request->get['page'];
LINE: 109
CODE: $page = $this->request->get['page'];
LINE: 689
CODE: $page = $this->request->get['page'];
LINE: 68
CODE: $page = $this->request->get['page'];
LINE: 22

FILE: catalog/controller/startup/maintenance.php
CODE: $ignore = array(
LINE: 15

FILE: admin/controller/marketing/contact.php
CODE: $this->load->model('sale/customer');
NOT FOUND - OPERATION SKIPPED!
CODE: $email_total = $this->model_sale_customer->getTotalCustomers($customer_data);
NOT FOUND - OPERATION SKIPPED!
CODE: $results = $this->model_sale_customer->getCustomers($customer_data);
NOT FOUND - OPERATION SKIPPED!
CODE: $this->load->model('customer/customer');
LINE: 74
CODE: $email_total = $this->model_customer_customer->getTotalCustomers($customer_data);
LINE: 98
CODE: $results = $this->model_customer_customer->getCustomers($customer_data);
LINE: 100
----------------------------------------------------------------
MOD: Complete SEO Package

FILE: admin/controller/module/complete_seo.php
CODE: $modification_active = false;
LINE: 461
CODE: return $this->load->view('common/search
LINE: 64
CODE: return $this->load->view($this->config->get('config_template') . '/template/common/search.tpl', $data);
NOT FOUND - OPERATION SKIPPED!
CODE: return $this->load->view('default/template/common/search.tpl', $data);
NOT FOUND - OPERATION SKIPPED!
CODE: public function index() {
LINE: 9

FILE: catalog/view/theme/default/template/product/search.twig
CODE: url = 'index.php?route=product/search';
LINE: 166
CODE: url += '&search=' + encodeURIComponent(search);
LINE: 171

FILE: catalog/view/theme/journal3/template/product/search.twig
CODE: url = 'index.php?route=product/search';
LINE: 139
CODE: url += '&search=' + encodeURIComponent(search);
LINE: 144
CODE: public function index() {
LINE: 7

FILE: catalog/view/theme/default/template/checkout/cart.twig
CODE: {{ footer }}
LINE: 123

FILE: catalog/view/theme/journal3/template/checkout/cart.twig
CODE: {{ footer }}
LINE: 152
CODE: $this->load->model('localisation/language');
LINE: 63
CODE: $this->config->set('config_url', HTTP_SERVER);
LINE: 20
CODE: if (!empty($this->request->server['HTTP_ACCEPT_LANGUAGE']) && !array_key_exists($code, $languages)) {
LINE: 87

FILE: system/startup.php
CODE: DIR_SYSTEM . 'engine/registry.php
LINE: 99
CODE: public function index() {
LINE: 7
CODE: $categories = explode('_', $value);
LINE: 172
CODE: $this->request->get['manufacturer_id'] = $url[1];
LINE: 76
CODE: $url .= '/' . $query->row['keyword'];
LINE: 145
REGEX: ~parse_str\(\$(url_data|url_info)\['query'\], \$data\);~
LINE: 132
CODE: if ($url) {
LINE: 285
CODE: public function index() {
LINE: 13
CODE: if ($category_info['image']) {
LINE: 144
CODE: $this->document->setDescription($category_info['meta_description']);
LINE: 119
CODE: $this->document->addLink($this->url->link('product/category', 'path=' . $category_info['category_id']), 'canonical');
LINE: 483
CODE: $this->document->addLink($this->url->link('product/category', 'path=' . $category_info['category_id'] . '&page='. $page), 'canonical');
LINE: 492
CODE: $this->document->addLink($this->url->link('product/category', 'path=' . $category_info['category_id'] . (($page - 2) ? '&page='. ($page - 1) : '')), 'prev');
LINE: 496
CODE: $this->document->addLink($this->url->link('product/category', 'path=' . $category_info['category_id'] . '&page='. ($page + 1)), 'next');
LINE: 500
CODE: $this->document->addLink($this->url->link('product/category', 'path=' . $category_info['category_id'], true), 'canonical');
NOT FOUND - OPERATION SKIPPED!
CODE: if ($page == 1) {
LINE: 487
CODE: $this->document->addLink($this->url->link('product/category', 'path=' . $category_info['category_id'], 'SSL'), 'canonical');
NOT FOUND - OPERATION SKIPPED!
CODE: $this->document->addLink($this->url->link('product/category', 'path=' . $this->request->get['path']), 'canonical');
NOT FOUND - OPERATION SKIPPED!
CODE: if (isset($this->request->get['path'])) {
LINE: 37
CODE: public function review() {
LINE: 699
CODE: 'href' => $this->url->link('product/category', 'path=' . $this->request->get['path'] . $url)
LINE: 85
CODE: $data['description'] = html_entity_decode($product_info['description'], ENT_QUOTES, 'UTF-8')
LINE: 392

FILE: catalog/controller/journal3/blocks.php
CODE: static::$PRODUCT_INFO['description'] = html_entity_decode
LINE: 231

FILE: catalog/controller/journal3/product_tabs.php
CODE: static::$PRODUCT_INFO['description'] = html_entity_decode(
LINE: 154
CODE: $this->url->link('product/product', 'product_id=' . $result['product_id'] . $url)
LINE: 331
CODE: $this->document->addLink($this->url->link('product/search', ''
NOT FOUND - OPERATION SKIPPED!
CODE: function index() {
LINE: 16
CODE: function index() {
LINE: 30
CODE: $data['title'] = $this->document->getTitle();
LINE: 68
CODE: $this->data['title'] = $this->document->getTitle();
NOT FOUND - OPERATION SKIPPED!
CODE: $this->data['name'] = $this->config->get('config_name');
NOT FOUND - OPERATION SKIPPED!
CODE: $this->data['action'] = $this->url->link('common/home');
NOT FOUND - OPERATION SKIPPED!
CODE: $this->session->data['language'] = $this->request->post['language_code'];
NOT FOUND - OPERATION SKIPPED!

FILE: catalog/controller/common/language.php
CODE: $this->response->redirect($this->request->post['redirect']);
LINE: 53
CODE: if (isset($this->request->post['code'])) {
LINE: 48
CODE: $data['redirect'] = $this->url->link('common/home');
LINE: 25
CODE: unset($url_data['route']);
LINE: 37
CODE: $data['redirect'] = $this->url->link($route, $url, $this->request->server['HTTPS']);
LINE: 45
CODE: $data['redirect'] = $this->url->link($route, $url, isset($this->request->server['HTTPS']) && (($this->request->server['HTTPS'] == 'on') || ($this->request->server['HTTPS'] == '1')));
NOT FOUND - OPERATION SKIPPED!

FILE: admin/controller/catalog/product.php
CODE: if ($this->request->post['product_seo_url']) {
LINE: 1192
CODE: if ((utf8_strlen($value['meta_title']) < 3) || (utf8_strlen($value['meta_title']) > 255)) {
NOT FOUND - OPERATION SKIPPED!
CODE: if ((utf8_strlen($value['meta_title']) < 1) || (utf8_strlen($value['meta_title']) > 255)) {
LINE: 1183
CODE: $this->response->setOutput($this->load->view('catalog/product_form
LINE: 1210
CODE: $this->template = 'catalog/product_form.tpl';
NOT FOUND - OPERATION SKIPPED!

FILE: admin/controller/catalog/category.php
CODE: if ($this->request->post['category_seo_url']) {
LINE: 537
CODE: $this->response->setOutput($this->load->view('catalog/category_form
LINE: 529
CODE: if ((utf8_strlen($value['meta_title']) < 3) || (utf8_strlen($value['meta_title']) > 255)) {
NOT FOUND - OPERATION SKIPPED!

FILE: admin/controller/catalog/information.php
CODE: if ($this->request->post['information_seo_url']) {
LINE: 428
CODE: $this->response->setOutput($this->load->view('catalog/information_form
LINE: 437
CODE: if ((utf8_strlen($value['meta_title']) < 3) || (utf8_strlen($value['meta_title']) > 255)) {
NOT FOUND - OPERATION SKIPPED!

FILE: admin/controller/catalog/manufacturer.php
CODE: if ($this->request->post['manufacturer_seo_url']) {
LINE: 398
CODE: $this->response->setOutput($this->load->view('catalog/manufacturer_form
LINE: 432

FILE: admin/model/catalog/category.php
CODE: $this->db->query("DELETE FROM `" . DB_PREFIX . "seo_url` WHERE query = 'category_id=" . (int)$category_id . "'");
LINE: 143
CODE: public function addCategory($data) {
LINE: 4
CODE: foreach ($data['category_description'] as $language_id => $value) {
LINE: 33
LINE: 113
CODE: $this->db->query("INSERT INTO " . DB_PREFIX . "category_description SET
LINE: 102
LINE: 250
CODE: if ($data['keyword']) {
NOT FOUND - OPERATION SKIPPED!
CODE: $this->db->query("DELETE FROM " . DB_PREFIX . "url_alias WHERE query = 'category_id=" . (int)$category_id
NOT FOUND - OPERATION SKIPPED!
CODE: public function editCategory($category_id, $data) {
LINE: 154
CODE: $this->db->query("INSERT INTO " . DB_PREFIX . "category_description SET
LINE: 102
LINE: 252
CODE: $query = $this->db->query("SELECT * FROM " . DB_PREFIX . "category_description
LINE: 469
CODE: $result['name'],
LINE: 494
CODE: $result['name'],
LINE: 491
CODE: , (SELECT DISTINCT keyword FROM " . DB_PREFIX . "url_alias WHERE query = 'category_id=" . (int)$category_id . "') AS keyword
NOT FOUND - OPERATION SKIPPED!
CODE: , (SELECT keyword FROM " . DB_PREFIX . "url_alias WHERE query = 'category_id=" . (int)$category_id . "') AS keyword
NOT FOUND - OPERATION SKIPPED!

FILE: admin/model/catalog/product.php
CODE: $this->db->query("DELETE FROM " . DB_PREFIX . "seo_url WHERE query = 'product_id=" . (int)$product_id . "'");
LINE: 272
CODE: if (isset($data['image'])) {
LINE: 16
LINE: 157
CODE: public function addProduct($data) {
LINE: 4
CODE: foreach ($data['product_description'] as $language_id => $value) {
LINE: 47
LINE: 215
CODE: $this->db->query("INSERT INTO " . DB_PREFIX . "product_description SET
LINE: 125
LINE: 370
CODE: if (isset($data['image'])) {
LINE: 18
LINE: 261
CODE: if ($data['keyword']) {
NOT FOUND - OPERATION SKIPPED!
CODE: $this->db->query("DELETE FROM " . DB_PREFIX . "url_alias WHERE query = 'product_id=" . (int)$product_id
NOT FOUND - OPERATION SKIPPED!
CODE: public function editProduct($product_id, $data) {
LINE: 288
CODE: if (isset($data['product_related'])) {
LINE: 304
LINE: 668
CODE: $this->db->query("INSERT INTO " . DB_PREFIX . "product_description SET
LINE: 162
LINE: 504
CODE: , (SELECT keyword FROM " . DB_PREFIX . "url_alias WHERE query = 'product_id=" . (int)$product_id . "') AS keyword
NOT FOUND - OPERATION SKIPPED!
CODE: $query = $this->db->query("SELECT * FROM " . DB_PREFIX . "product_description
LINE: 879
CODE: $result['name'],
LINE: 906
CODE: $result['name'],
LINE: 901

FILE: admin/model/catalog/information.php
CODE: $this->db->query("DELETE FROM " . DB_PREFIX . "seo_url WHERE query = 'information_id=" . (int)$information_id . "'");
LINE: 56
CODE: if (isset($data['information_store'])) {
LINE: 16
LINE: 60
CODE: public function addInformation($data) {
LINE: 4
CODE: foreach ($data['information_description'] as $language_id => $value) {
LINE: 29
LINE: 91
CODE: $this->db->query("INSERT INTO " . DB_PREFIX . "information_description SET
LINE: 98
LINE: 228
CODE: if ($data['keyword']) {
NOT FOUND - OPERATION SKIPPED!
CODE: $this->db->query("DELETE FROM " . DB_PREFIX . "url_alias WHERE query = 'information_id=" . (int)$information_id
NOT FOUND - OPERATION SKIPPED!
CODE: public function editInformation($information_id, $data) {
LINE: 136
CODE: $this->db->query("INSERT INTO " . DB_PREFIX . "information_description SET
LINE: 98
LINE: 230
CODE: , (SELECT keyword FROM " . DB_PREFIX . "url_alias WHERE query = 'information_id=" . (int)$information_id . "') AS keyword
NOT FOUND - OPERATION SKIPPED!
CODE: $query = $this->db->query("SELECT * FROM " . DB_PREFIX . "information_description
LINE: 369
CODE: $result['title'],
LINE: 394
CODE: $result['title'],
LINE: 393

FILE: admin/model/catalog/manufacturer.php
CODE: $this->db->query("DELETE FROM `" . DB_PREFIX . "seo_url` WHERE query = 'manufacturer_id=" . (int)$manufacturer_id . "'");
LINE: 48
CODE: if (isset($data['manufacturer_store'])) {
LINE: 32
LINE: 84
CODE: if ($data['keyword']) {
NOT FOUND - OPERATION SKIPPED!
CODE: $this->db->query("DELETE FROM " . DB_PREFIX . "url_alias WHERE query = 'manufacturer_id=" . (int)$manufacturer_id . "'");
NOT FOUND - OPERATION SKIPPED!
CODE: , (SELECT keyword FROM " . DB_PREFIX . "url_alias WHERE query = 'manufacturer_id=" . (int)$manufacturer_id . "') AS keyword
NOT FOUND - OPERATION SKIPPED!

FILE: admin/view/template/catalog/product_form.twig
CODE: <label class="col-sm-2 control-label" for="input-filter"><span data-toggle="tooltip" title="{{ help_filter }}">{{ entry_filter }}</span></label>
LINE: 396
CODE: <li><a href="#tab-seo" data-toggle="tab">{{ tab_seo }}</a></li>
LINE: 37
CODE: {{ entry_sort_order }}</label>
LINE: 371
CODE: <div class="tab-pane" id="tab-seo">
LINE: 1054
CODE: name="product_seo_url[{{ store.store_id }}][{{ language.language_id }}]
LINE: 1073
CODE: {{ entry_meta_title }}</label>
LINE: 67
CODE: <input type="text" name="product_description[{{ language.language_id }}][meta_title]" value="{{ product_description[language.language_id] ? product_description[language.language_id].meta_title }}" placeholder="{{ entry_meta_title }}" id="input-meta-title{{ language.language_id }}" class="form-control" />
NOT FOUND - OPERATION SKIPPED!
CODE: <input type="text" name="product_description[{{ language.language_id }}][meta_title]" value="{{ product_description[language.language_id] ? product_description[language.language_id].meta_title }}" placeholder="{{ entry_meta_title }}" id="input-meta-title{{ language.language_id }}" class="form-control"/>
LINE: 69
CODE: <textarea name="product_description[{{ language.language_id }}][meta_description]" rows="5" placeholder="{{ entry_meta_description }}" id="input-meta-description{{ language.language_id }}" class="form-control">{{ product_description[language.language_id] ? product_description[language.language_id].meta_description }}</textarea>
LINE: 80
CODE: <textarea name="product_description[{{ language.language_id }}][meta_keyword]" rows="5" placeholder="{{ entry_meta_keyword }}" id="input-meta-keyword{{ language.language_id }}" class="form-control">{{ product_description[language.language_id] ? product_description[language.language_id].meta_keyword }}</textarea>
LINE: 89
CODE: <input type="text" name="product_description[{{ language.language_id }}][tag]" value="{{ product_description[language.language_id] ? product_description[language.language_id].tag }}" placeholder="{{ entry_tag }}" id="input-tag{{ language.language_id }}" class="form-control" />
NOT FOUND - OPERATION SKIPPED!

FILE: admin/view/template/catalog/category_form.twig
CODE: <li><a href="#tab-seo" data-toggle="tab">{{ tab_seo }}</a></li>
LINE: 30
CODE: <div class="tab-pane" id="tab-seo">
LINE: 174
CODE: name="category_seo_url[{{ store.store_id }}][{{ language.language_id }}]
LINE: 194
CODE: {{ entry_meta_title }}</label>
LINE: 62
CODE: <input type="text" name="category_description[{{ language.language_id }}][meta_title]" value="{{ category_description[language.language_id] ? category_description[language.language_id].meta_title }}" placeholder="{{ entry_meta_title }}" id="input-meta-title{{ language.language_id }}" class="form-control" />
LINE: 64
CODE: <textarea name="category_description[{{ language.language_id }}][meta_description]" rows="5" placeholder="{{ entry_meta_description }}" id="input-meta-description{{ language.language_id }}" class="form-control">{{ category_description[language.language_id] ? category_description[language.language_id].meta_description }}</textarea>
LINE: 76
CODE: <textarea name="category_description[{{ language.language_id }}][meta_keyword]" rows="5" placeholder="{{ entry_meta_keyword }}" id="input-meta-keyword{{ language.language_id }}" class="form-control">{{ category_description[language.language_id] ? category_description[language.language_id].meta_keyword }}</textarea>
LINE: 85
CODE: <input type="text" name="category_description[{{ language.language_id }}][tag]" value="{{ category_description[language.language_id] ? category_description[language.language_id].tag }}" placeholder="{{ entry_tag }}" id="input-tag{{ language.language_id }}" class="form-control" />
NOT FOUND - OPERATION SKIPPED!

FILE: admin/view/template/catalog/information_form.twig
CODE: <li><a href="#tab-seo" data-toggle="tab">{{ tab_seo }}</a></li>
LINE: 29
CODE: {{ entry_sort_order }}</label>
LINE: 128
CODE: <div class="tab-pane" id="tab-seo">
LINE: 134
CODE: name="information_seo_url[{{ store.store_id }}][{{ language.language_id }}]
LINE: 154
CODE: {{ entry_meta_title }}</label>
LINE: 61
CODE: <input type="text" name="information_description[{{ language.language_id }}][meta_title]" value="{{ information_description[language.language_id] ? information_description[language.language_id].meta_title }}" placeholder="{{ entry_meta_title }}" id="input-meta-title{{ language.language_id }}" class="form-control" />
LINE: 63
CODE: <textarea name="information_description[{{ language.language_id }}][meta_description]" rows="5" placeholder="{{ entry_meta_description }}" id="input-meta-description{{ language.language_id }}" class="form-control">{{ information_description[language.language_id] ? information_description[language.language_id].meta_description }}</textarea>
LINE: 74
CODE: <textarea name="information_description[{{ language.language_id }}][meta_keyword]" rows="5" placeholder="{{ entry_meta_keyword }}" id="input-meta-keyword{{ language.language_id }}" class="form-control">{{ information_description[language.language_id] ? information_description[language.language_id].meta_keyword }}</textarea>
LINE: 83
CODE: <input type="text" name="information_description[{{ language.language_id }}][tag]" value="{{ information_description[language.language_id] ? information_description[language.language_id].tag }}" placeholder="{{ entry_tag }}" id="input-tag{{ language.language_id }}" class="form-control" />
NOT FOUND - OPERATION SKIPPED!

FILE: admin/view/template/catalog/manufacturer_form.twig
CODE: <div class="tab-pane" id="tab-seo">
LINE: 69
CODE: name="manufacturer_seo_url[{{ store.store_id }}][{{ language.language_id }}]
LINE: 94

FILE: catalog/model/catalog/category.php
CODE: $query = $this->db->query("SELECT DISTINCT * FROM " . DB_PREFIX . "category c LEFT JOIN " . DB_PREFIX . "category_description
LINE: 41
CODE: $query = $this->db->query("SELECT * FROM " . DB_PREFIX . "category c LEFT JOIN " . DB_PREFIX . "category_description
LINE: 58

FILE: catalog/model/catalog/information.php
CODE: $query = $this->db->query("SELECT DISTINCT * FROM " . DB_PREFIX . "information i LEFT JOIN " . DB_PREFIX . "information_description
LINE: 41
CODE: $query = $this->db->query("SELECT * FROM " . DB_PREFIX . "information i LEFT JOIN " . DB_PREFIX . "information_description
LINE: 58

FILE: catalog/model/catalog/manufacturer.php
CODE: return $query->row;
LINE: 20
CODE: $query = $this->db->query($sql);
LINE: 67

FILE: catalog/view/theme/journal3/template/product/product.twig
CODE: alt=""
NOT FOUND - OPERATION SKIPPED!

FILE: catalog/view/theme/journal3/template/product/manufacturer_info.twig
CODE: {{ content_top }}
LINE: 26

FILE: catalog/view/theme/default/template/product/manufacturer_info.twig
CODE: {{ heading_title }}
LINE: 19

FILE: catalog/controller/journal3/search.php
CODE: 'href'        => $this->url->link('product/product', '&search=' . urlencode(html_entity_decode($this->request->get['search'], ENT_QUOTES, 'UTF-8')) . '&product_id=' . $result['product_id'] . $url),
LINE: 75

FILE: catalog/model/catalog/product.php
CODE: $query->row['name'],
LINE: 20
CODE: if ($query->num_rows) {
LINE: 64
CODE: data['continue'] = $this->url->link('common/home');
LINE: 65
LINE: 476
LINE: 533
CODE: => $this->url->link('product/product', 'manufacturer_id=' . $result['manufacturer_id'] . '&product_id=' . $result['product_id'] . $url)
LINE: 313
CODE: if ($page == 1) {
LINE: 450
CODE: $this->document->addLink($this->url->link('product/manufacturer/info', 'manufacturer_id=' . $this->request->get['manufacturer_id'] . $url . '&page='. $page, true), 'canonical');
LINE: 453
CODE: '&page='. (($page - 2) ? '&page='. ($page - 1) : '')
LINE: 457

FILE: catalog/controller/information/contact.php
CODE: data['action'] = $this->url->link('information/contact'
LINE: 74
CODE: data['heading_title'] = $product_info['name'];
LINE: 439
CODE: $this->model_catalog_product->updateViewed
LINE: 747
CODE: $this->document->setTitle($product_info['meta_title']);
LINE: 339
CODE: $this->document->setTitle($product_info['name']);
NOT FOUND - OPERATION SKIPPED!

FILE: catalog/view/theme/default/template/product/product.twig
CODE: alt="{{ heading_title }}"
LINE: 24
LINE: 28
CODE: title="{{ heading_title }}"
LINE: 24
LINE: 28
CODE: alt="{{ heading_title }}"
LINE: 59
LINE: 86
LINE: 101
CODE: title="{{ heading_title }}"
LINE: 59
LINE: 86
LINE: 101

FILE: catalog/view/theme/default/template/product/category.twig
CODE: alt="{{ heading_title }}"
LINE: 19
CODE: title="{{ heading_title }}"
LINE: 19

FILE: catalog/view/theme/journal3/template/product/category.twig
CODE: alt="{{ heading_title }}"
LINE: 20
CODE: title="{{ heading_title }}"
LINE: 20
CODE: $data['heading_title'] = $category_info['name'];
LINE: 122
CODE: => $result['product_id'],
LINE: 356
CODE: $this->url->link('product/category', 'path=' . $category_info['category_id']
LINE: 520
CODE: $this->document->setTitle($category_info['meta_title']);
LINE: 118
CODE: $this->document->setTitle($category_info['name']);
NOT FOUND - OPERATION SKIPPED!
CODE: $this->data['heading_title'] = $category_info['name'];
NOT FOUND - OPERATION SKIPPED!
CODE: $data['description'] =
LINE: 205

FILE: catalog/controller/information/information.php
CODE: data['heading_title'] = $information_info['title'];
LINE: 32
CODE: $this->document->setTitle($information_info['meta_title']);
LINE: 23
CODE: $this->document->setTitle($information_info['title']);
NOT FOUND - OPERATION SKIPPED!
CODE: $data['description'] =
LINE: 94
CODE: data['heading_title'] = $manufacturer_info['name'];
LINE: 173
CODE: $this->document->setTitle($manufacturer_info['name']);
LINE: 148
CODE: if (isset($this->request->get['manufacturer_id'])) {
LINE: 94
LINE: 527
CODE: 'text' => $manufacturer_info['name'],
LINE: 186
CODE: $this->document->setTitle((!empty($manufacturer_info['meta_title']) ? $manufacturer_info['meta_title'] : $manufacturer_info['name']));
LINE: 153
CODE: $data['heading_title'] = !empty($manufacturer_info['seo_h1']) && $this->config->get('mlseo_enabled') ? $manufacturer_info['seo_h1'] : $manufacturer_info['name'];
LINE: 197
CODE: $query = $this->db->query("SELECT * FROM " . DB_PREFIX . "seo_url WHERE keyword = '" . $this->db->escape($part) . "' AND store_id = '" . (int)$this->config->get('config_store_id') . "'");
LINE: 18
CODE: $this->url->addRewrite($this);
LINE: 147
CODE: $this->request->get['route'] = 'information/information';
LINE: 337
CODE: if (isset($this->request->get['_route_'])) {
LINE: 151
CODE: foreach ($parts as $part) {
LINE: 276
CODE: if ($query->num_rows) {
LINE: 491
CODE: public function rewrite($link) {
LINE: 651
CODE: $categories = explode('_', $value);
LINE: 783
CODE: $query = $this->db->query("SELECT * FROM " . DB_PREFIX . "url_alias WHERE keyword = '" . $this->db->escape($part) . "'");
NOT FOUND - OPERATION SKIPPED!
CODE: public function rewrite($link)
LINE: 638
CODE: $query = $this->db->query("SELECT * FROM " . DB_PREFIX . "seo_url WHERE `query` = 'category_id=" . (int)$category . "' AND store_id = '" . (int)$this->config->get('config_store_id') . "' AND language_id = '" . (int)$this->config->get('config_language_id') . "'");
LINE: 821
CODE: $this->request->get['route'] = 'error/not_found';
LINE: 537
CODE: if (!empty($this->request->get['_route_'])) {
LINE: 270
CODE: if ($url[0] == 'product_id') {
LINE: 519
CODE: if ($url[0] == 'category_id') {
LINE: 548
CODE: $url .= '/' . $query->row['keyword'];
LINE: 815
CODE: $query = $this->db->query("SELECT * FROM " . DB_PREFIX . "url_alias WHERE `query` = '" . $this->db->escape($key . '=' . (int)$value) . "'");
NOT FOUND - OPERATION SKIPPED!
CODE: $query = $this->db->query("SELECT * FROM " . DB_PREFIX . "url_alias WHERE `query` = 'category_id=" . (int)$category . "'");
NOT FOUND - OPERATION SKIPPED!
CODE: if ($query->row['query'] &&
LINE: 569
CODE: return $url_info['scheme']
LINE: 945
CODE: } elseif ($key == 'path') {
LINE: 839
CODE: $query .= '&' . $key . '=' . $value;
NOT FOUND - OPERATION SKIPPED!
CODE: return $url_data['scheme']
NOT FOUND - OPERATION SKIPPED!
CODE: $parts = MegaFilterCore::prepareSeoParts( $this, $parts );
NOT FOUND - OPERATION SKIPPED!

FILE: catalog/model/design/banner.php
CODE: return $query->rows;
LINE: 21
CODE: if ($this->user->hasPermission('access', 'marketplace/event')) {
LINE: 193
CODE: if ($this->user->hasPermission('access', 'extension/event')) {
NOT FOUND - OPERATION SKIPPED!

FILE: catalog/controller/common/home.php
CODE: $this->document->setDescription
LINE: 90

FILE: catalog/view/theme/default/template/common/header.twig
CODE: {% for link in links %}
LINE: 35
CODE: <head>
LINE: 7

FILE: catalog/view/theme/journal3/template/common/header.twig
CODE: {% for link in links %}
LINE: 59
CODE: <head>
NOT FOUND - OPERATION SKIPPED!
CODE: {{mlseo_meta}}
LINE: 57
CODE: </head>
LINE: 80

FILE: catalog/controller/error/not_found.php
CODE: public function index() {
LINE: 82
CODE: str_replace('&amp;page={page}'
NOT FOUND - OPERATION SKIPPED!
CODE: array('&amp;page={page}', '&page={page}')
NOT FOUND - OPERATION SKIPPED!
CODE: array('&amp;page={page}', '?page={page}', '&page={page}')
LINE: 51
LINE: 54
LINE: 84
CODE: str_replace('page={page}',
NOT FOUND - OPERATION SKIPPED!

FILE: system/engine/controller.php
CODE: protected function render() {
NOT FOUND - OPERATION SKIPPED!
CODE: // Journal Theme Modification
LINE: 455
CODE: // Journal Theme Modification
LINE: 830
CODE: } elseif (isset($data['route']) && $data['route'] == 'journal3/blog') {
LINE: 843

FILE: catalog/controller/journal3/admin_bar.php
CODE: $route = Arr::get($this->request->get, 'route');
LINE: 29

FILE: system/library/cart/cart.php
CODE: $product_data[] = array(
LINE: 246

FILE: system/library/document.php
CODE: public function setTitle($title) {
LINE: 36
CODE: $this->links[$href] = array(
LINE: 94

FILE: admin/controller/extension/extension/module.php
CODE: $files = glob(DIR_APPLICATION . 'controller/extension/module/*.php');
LINE: 135
CODE: $data['extensions'][] = array(
LINE: 178

FILE: admin/controller/extension/extension/feed.php
CODE: $files = glob(DIR_APPLICATION . 'controller/extension/feed/*.php');
LINE: 84
CODE: $data['extensions'][] = array(
LINE: 106

FILE: catalog/model/journal3/blog.php
CODE: if (self::$BLOG_KEYWORD === null) {
LINE: 638
CODE: $json['success'] = sprintf($this->language->get('text_success')
LINE: 333
CODE: $this->session->data['success'] = $this->language->get('text_remove');
LINE: 451
CODE: $json['success'] = sprintf($this->language->get('text_success')
LINE: 153
CODE: $json['success'] = sprintf($this->language->get('text_success')
LINE: 184

FILE: catalog/controller/checkout/success.php
CODE: if (isset($this->session->data['order_id'])) {
LINE: 6
----------------------------------------------------------------
